0 info it worked if it ends with ok
1 verbose cli [ '/usr/local/bin/node', '/usr/local/bin/npm', 'run', 'css' ]
2 info using npm@2.14.4
3 info using node@v4.1.1
4 verbose run-script [ 'precss', 'css', 'postcss' ]
5 info precss bassplate@5.0.0
6 info css bassplate@5.0.0
7 verbose unsafe-perm in lifecycle true
8 info bassplate@5.0.0 Failed to exec css script
9 verbose stack Error: bassplate@5.0.0 css: `cssnext src/base.css css/base.css`
9 verbose stack Exit status 2
9 verbose stack     at EventEmitter.<anonymous> (/usr/local/lib/node_modules/npm/lib/utils/lifecycle.js:214:16)
9 verbose stack     at emitTwo (events.js:87:13)
9 verbose stack     at EventEmitter.emit (events.js:172:7)
9 verbose stack     at ChildProcess.<anonymous> (/usr/local/lib/node_modules/npm/lib/utils/spawn.js:24:14)
9 verbose stack     at emitTwo (events.js:87:13)
9 verbose stack     at ChildProcess.emit (events.js:172:7)
9 verbose stack     at maybeClose (internal/child_process.js:817:16)
9 verbose stack     at Process.ChildProcess._handle.onexit (internal/child_process.js:211:5)
10 verbose pkgid bassplate@5.0.0
11 verbose cwd /Users/jonsaul/Desktop/Repos/bassplate
12 error Darwin 14.3.0
13 error argv "/usr/local/bin/node" "/usr/local/bin/npm" "run" "css"
14 error node v4.1.1
15 error npm  v2.14.4
16 error code ELIFECYCLE
17 error bassplate@5.0.0 css: `cssnext src/base.css css/base.css`
17 error Exit status 2
18 error Failed at the bassplate@5.0.0 css script 'cssnext src/base.css css/base.css'.
18 error This is most likely a problem with the bassplate package,
18 error not with npm itself.
18 error Tell the author that this fails on your system:
18 error     cssnext src/base.css css/base.css
18 error You can get their info via:
18 error     npm owner ls bassplate
18 error There is likely additional logging output above.
19 verbose exit [ 1, true ]
